0 info it worked if it ends with ok
1 verbose cli [ 'd:\\Programs\\nodejs\\node.exe',
1 verbose cli   'd:\\Programs\\nodejs\\node_modules\\npm\\bin\\npm-cli.js',
1 verbose cli   'install',
1 verbose cli   'co-request' ]
2 info using npm@2.0.0
3 info using node@v0.11.14
4 verbose stack Error: Failed to parse json
4 verbose stack Unexpected token }
4 verbose stack     at parseError (d:\Programs\nodejs\node_modules\npm\node_modules\read-package-json\read-json.js:378:25)
4 verbose stack     at parseJson (d:\Programs\nodejs\node_modules\npm\node_modules\read-package-json\read-json.js:85:51)
4 verbose stack     at d:\Programs\nodejs\node_modules\npm\node_modules\read-package-json\read-json.js:59:33
4 verbose stack     at evalmachine.<anonymous>:295:14
4 verbose stack     at d:\Programs\nodejs\node_modules\npm\node_modules\graceful-fs\graceful-fs.js:102:5
4 verbose stack     at Object.oncomplete (evalmachine.<anonymous>:93:15)
5 verbose cwd c:\Hackathon-project
6 error Windows_NT 6.3.9600
7 error argv "d:\\Programs\\nodejs\\node.exe" "d:\\Programs\\nodejs\\node_modules\\npm\\bin\\npm-cli.js" "install" "co-request"
8 error node v0.11.14
9 error npm  v2.0.0
10 error file c:\Hackathon-project\package.json
11 error code EJSONPARSE
12 error Failed to parse json
12 error Unexpected token }
13 error File: c:\Hackathon-project\package.json
14 error Failed to parse package.json data.
14 error package.json must be actual JSON, not just JavaScript.
14 error
14 error This is not a bug in npm.
14 error Tell the package author to fix their package.json file. JSON.parse
15 verbose exit [ 1, true ]
